This file contains any messages produced by compilers while
running configure, to aid debugging if configure makes a mistake.

It was created by fnr configure 1.0.0, which was
generated by GNU Autoconf 2.69.  Invocation command line was

  $ ./configure --enable-debug=yes

## --------- ##
## Platform. ##
## --------- ##

hostname = sadara-ubuntu-1
uname -m = x86_64
uname -r = 3.5.0-17-generic
uname -s = Linux
uname -v = #28-Ubuntu SMP Tue Oct 9 19:31:23 UTC 2012

/usr/bin/uname -p = unknown
/bin/uname -X     = unknown

/bin/arch              = unknown
/usr/bin/arch -k       = unknown
/usr/convex/getsysinfo = unknown
/usr/bin/hostinfo      = unknown
/bin/machine           = unknown
/usr/bin/oslevel       = unknown
/bin/universe          = unknown

PATH: /usr/local/sbin
PATH: /usr/local/bin
PATH: /usr/sbin
PATH: /usr/bin
PATH: /sbin
PATH: /bin
PATH: /usr/games
PATH: /usr/local/games


## ----------- ##
## Core tests. ##
## ----------- ##

configure:2191: checking for a BSD-compatible install
configure:2259: result: /usr/bin/install -c
configure:2270: checking whether build environment is sane
configure:2320: result: yes
configure:2461: checking for a thread-safe mkdir -p
configure:2500: result: /bin/mkdir -p
configure:2513: checking for gawk
configure:2543: result: no
configure:2513: checking for mawk
configure:2529: found /usr/bin/mawk
configure:2540: result: mawk
configure:2551: checking whether make sets $(MAKE)
configure:2573: result: yes
configure:2750: checking for gcc
configure:2766: found /usr/bin/gcc
configure:2777: result: gcc
configure:3006: checking for C compiler version
configure:3015: gcc --version >&5
gcc (Ubuntu/Linaro 4.7.2-2ubuntu1) 4.7.2
Copyright (C) 2012 Free Software Foundation, Inc.
This is free software; see the source for copying conditions.  There is NO
warranty; not even for MERCHANTABILITY or FITNESS FOR A PARTICULAR PURPOSE.

configure:3026: $? = 0
configure:3015: gcc -v >&5
Using built-in specs.
COLLECT_GCC=gcc
COLLECT_LTO_WRAPPER=/usr/lib/gcc/x86_64-linux-gnu/4.7/lto-wrapper
Target: x86_64-linux-gnu
Configured with: ../src/configure -v --with-pkgversion='Ubuntu/Linaro 4.7.2-2ubuntu1' --with-bugurl=file:///usr/share/doc/gcc-4.7/README.Bugs --enable-languages=c,c++,go,fortran,objc,obj-c++ --prefix=/usr --program-suffix=-4.7 --enable-shared --enable-linker-build-id --with-system-zlib --libexecdir=/usr/lib --without-included-gettext --enable-threads=posix --with-gxx-include-dir=/usr/include/c++/4.7 --libdir=/usr/lib --enable-nls --with-sysroot=/ --enable-clocale=gnu --enable-libstdcxx-debug --enable-libstdcxx-time=yes --enable-gnu-unique-object --enable-plugin --enable-objc-gc --disable-werror --with-arch-32=i686 --with-tune=generic --enable-checking=release --build=x86_64-linux-gnu --host=x86_64-linux-gnu --target=x86_64-linux-gnu
Thread model: posix
gcc version 4.7.2 (Ubuntu/Linaro 4.7.2-2ubuntu1) 
configure:3026: $? = 0
configure:3015: gcc -V >&5
gcc: error: unrecognized command line option '-V'
gcc: fatal error: no input files
compilation terminated.
configure:3026: $? = 4
configure:3015: gcc -qversion >&5
gcc: error: unrecognized command line option '-qversion'
gcc: fatal error: no input files
compilation terminated.
configure:3026: $? = 4
configure:3046: checking whether the C compiler works
configure:3068: gcc    conftest.c  >&5
configure:3072: $? = 0
configure:3120: result: yes
configure:3123: checking for C compiler default output file name
configure:3125: result: a.out
configure:3131: checking for suffix of executables
configure:3138: gcc -o conftest    conftest.c  >&5
configure:3142: $? = 0
configure:3164: result: 
configure:3186: checking whether we are cross compiling
configure:3194: gcc -o conftest    conftest.c  >&5
configure:3198: $? = 0
configure:3205: ./conftest
configure:3209: $? = 0
configure:3224: result: no
configure:3229: checking for suffix of object files
configure:3251: gcc -c   conftest.c >&5
configure:3255: $? = 0
configure:3276: result: o
configure:3280: checking whether we are using the GNU C compiler
configure:3299: gcc -c   conftest.c >&5
configure:3299: $? = 0
configure:3308: result: yes
configure:3317: checking whether gcc accepts -g
configure:3337: gcc -c -g  conftest.c >&5
configure:3337: $? = 0
configure:3378: result: yes
configure:3395: checking for gcc option to accept ISO C89
configure:3458: gcc  -c   conftest.c >&5
configure:3458: $? = 0
configure:3471: result: none needed
configure:3502: checking for style of include used by make
configure:3530: result: GNU
configure:3556: checking dependency style of gcc
configure:3667: result: gcc3
configure:3725: checking for ranlib
configure:3741: found /usr/bin/ranlib
configure:3752: result: ranlib
configure:3775: checking whether gcc and cc understand -c and -o together
configure:3806: gcc -c conftest.c -o conftest2.o >&5
configure:3810: $? = 0
configure:3816: gcc -c conftest.c -o conftest2.o >&5
configure:3820: $? = 0
configure:3831: cc -c conftest.c >&5
configure:3835: $? = 0
configure:3843: cc -c conftest.c -o conftest2.o >&5
configure:3847: $? = 0
configure:3853: cc -c conftest.c -o conftest2.o >&5
configure:3857: $? = 0
configure:3875: result: yes
configure:3902: checking for libssl
configure:3995: checking for dlopen in -ldl
configure:4020: gcc -o conftest  -I/usr/local/ssl/include   conftest.c -ldl   >&5
configure:4020: $? = 0
configure:4029: result: yes
configure:4049: checking how to run the C preprocessor
configure:4080: gcc -E  conftest.c
configure:4080: $? = 0
configure:4094: gcc -E  conftest.c
conftest.c:11:28: fatal error: ac_nonexistent.h: No such file or directory
compilation terminated.
configure:4094: $? = 1
configure: failed program was:
| /* confdefs.h */
| #define PACKAGE_NAME "fnr"
| #define PACKAGE_TARNAME "fnr"
| #define PACKAGE_VERSION "1.0.0"
| #define PACKAGE_STRING "fnr 1.0.0"
| #define PACKAGE_BUGREPORT "libfnr-dev@external.cisco.com"
| #define PACKAGE_URL ""
| #define PACKAGE "fnr"
| #define VERSION "1.0.0"
| /* end confdefs.h.  */
| #include <ac_nonexistent.h>
configure:4119: result: gcc -E
configure:4139: gcc -E  conftest.c
configure:4139: $? = 0
configure:4153: gcc -E  conftest.c
conftest.c:11:28: fatal error: ac_nonexistent.h: No such file or directory
compilation terminated.
configure:4153: $? = 1
configure: failed program was:
| /* confdefs.h */
| #define PACKAGE_NAME "fnr"
| #define PACKAGE_TARNAME "fnr"
| #define PACKAGE_VERSION "1.0.0"
| #define PACKAGE_STRING "fnr 1.0.0"
| #define PACKAGE_BUGREPORT "libfnr-dev@external.cisco.com"
| #define PACKAGE_URL ""
| #define PACKAGE "fnr"
| #define VERSION "1.0.0"
| /* end confdefs.h.  */
| #include <ac_nonexistent.h>
configure:4182: checking for grep that handles long lines and -e
configure:4240: result: /bin/grep
configure:4245: checking for egrep
configure:4307: result: /bin/grep -E
configure:4312: checking for ANSI C header files
configure:4332: gcc -c  -I/usr/local/ssl/include  conftest.c >&5
configure:4332: $? = 0
configure:4405: gcc -o conftest  -I/usr/local/ssl/include   -L/usr/local/ssl/lib conftest.c  -lssl -lcrypto -ldl >&5
configure:4405: $? = 0
configure:4405: ./conftest
configure:4405: $? = 0
configure:4416: result: yes
configure:4429: checking for sys/types.h
configure:4429: gcc -c  -I/usr/local/ssl/include  conftest.c >&5
configure:4429: $? = 0
configure:4429: result: yes
configure:4429: checking for sys/stat.h
configure:4429: gcc -c  -I/usr/local/ssl/include  conftest.c >&5
configure:4429: $? = 0
configure:4429: result: yes
configure:4429: checking for stdlib.h
configure:4429: gcc -c  -I/usr/local/ssl/include  conftest.c >&5
configure:4429: $? = 0
configure:4429: result: yes
configure:4429: checking for string.h
configure:4429: gcc -c  -I/usr/local/ssl/include  conftest.c >&5
configure:4429: $? = 0
configure:4429: result: yes
configure:4429: checking for memory.h
configure:4429: gcc -c  -I/usr/local/ssl/include  conftest.c >&5
configure:4429: $? = 0
configure:4429: result: yes
configure:4429: checking for strings.h
configure:4429: gcc -c  -I/usr/local/ssl/include  conftest.c >&5
configure:4429: $? = 0
configure:4429: result: yes
configure:4429: checking for inttypes.h
configure:4429: gcc -c  -I/usr/local/ssl/include  conftest.c >&5
configure:4429: $? = 0
configure:4429: result: yes
configure:4429: checking for stdint.h
configure:4429: gcc -c  -I/usr/local/ssl/include  conftest.c >&5
configure:4429: $? = 0
configure:4429: result: yes
configure:4429: checking for unistd.h
configure:4429: gcc -c  -I/usr/local/ssl/include  conftest.c >&5
configure:4429: $? = 0
configure:4429: result: yes
configure:4443: checking for string.h
configure:4443: result: yes
configure:4459: checking for stdlib.h
configure:4459: result: yes
configure:4469: checking for GNU libc compatible malloc
configure:4493: gcc -o conftest  -I/usr/local/ssl/include   -L/usr/local/ssl/lib conftest.c  -lssl -lcrypto -ldl >&5
configure:4493: $? = 0
configure:4493: ./conftest
configure:4493: $? = 0
configure:4503: result: yes
configure:4526: checking for memset
configure:4526: gcc -o conftest  -I/usr/local/ssl/include   -L/usr/local/ssl/lib conftest.c  -lssl -lcrypto -ldl >&5
conftest.c:47:6: warning: conflicting types for built-in function 'memset' [enabled by default]
configure:4526: $? = 0
configure:4526: result: yes
configure:4693: creating ./config.status

## ---------------------- ##
## Running config.status. ##
## ---------------------- ##

This file was extended by fnr config.status 1.0.0, which was
generated by GNU Autoconf 2.69.  Invocation command line was

  CONFIG_FILES    = 
  CONFIG_HEADERS  = 
  CONFIG_LINKS    = 
  CONFIG_COMMANDS = 
  $ ./config.status 

on sadara-ubuntu-1

config.status:858: creating Makefile
config.status:858: creating src/Makefile
config.status:858: creating test/Makefile
config.status:858: creating config.h
config.status:1039: config.h is unchanged
config.status:1087: executing depfiles commands

## ---------------- ##
## Cache variables. ##
## ---------------- ##

ac_cv_c_compiler_gnu=yes
ac_cv_env_CC_set=
ac_cv_env_CC_value=
ac_cv_env_CFLAGS_set=
ac_cv_env_CFLAGS_value=
ac_cv_env_CPPFLAGS_set=
ac_cv_env_CPPFLAGS_value=
ac_cv_env_CPP_set=
ac_cv_env_CPP_value=
ac_cv_env_LDFLAGS_set=
ac_cv_env_LDFLAGS_value=
ac_cv_env_LIBS_set=
ac_cv_env_LIBS_value=
ac_cv_env_build_alias_set=
ac_cv_env_build_alias_value=
ac_cv_env_host_alias_set=
ac_cv_env_host_alias_value=
ac_cv_env_target_alias_set=
ac_cv_env_target_alias_value=
ac_cv_func_malloc_0_nonnull=yes
ac_cv_func_memset=yes
ac_cv_header_inttypes_h=yes
ac_cv_header_memory_h=yes
ac_cv_header_stdc=yes
ac_cv_header_stdint_h=yes
ac_cv_header_stdlib_h=yes
ac_cv_header_string_h=yes
ac_cv_header_strings_h=yes
ac_cv_header_sys_stat_h=yes
ac_cv_header_sys_types_h=yes
ac_cv_header_unistd_h=yes
ac_cv_lib_dl_dlopen=yes
ac_cv_objext=o
ac_cv_path_EGREP='/bin/grep -E'
ac_cv_path_GREP=/bin/grep
ac_cv_path_install='/usr/bin/install -c'
ac_cv_path_mkdir=/bin/mkdir
ac_cv_prog_AWK=mawk
ac_cv_prog_CPP='gcc -E'
ac_cv_prog_ac_ct_CC=gcc
ac_cv_prog_ac_ct_RANLIB=ranlib
ac_cv_prog_cc_c89=
ac_cv_prog_cc_g=yes
ac_cv_prog_cc_gcc_c_o=yes
ac_cv_prog_make_make_set=yes
am_cv_CC_dependencies_compiler_type=gcc3

## ----------------- ##
## Output variables. ##
## ----------------- ##

ACLOCAL='${SHELL} /home/sadara/Desktop/libfnr/missing --run aclocal-1.11'
AMDEPBACKSLASH='\'
AMDEP_FALSE='#'
AMDEP_TRUE=''
AMTAR='$${TAR-tar}'
AUTOCONF='${SHELL} /home/sadara/Desktop/libfnr/missing --run autoconf'
AUTOHEADER='${SHELL} /home/sadara/Desktop/libfnr/missing --run autoheader'
AUTOMAKE='${SHELL} /home/sadara/Desktop/libfnr/missing --run automake-1.11'
AWK='mawk'
CC='gcc'
CCDEPMODE='depmode=gcc3'
CFLAGS=' -I/usr/local/ssl/include'
CPP='gcc -E'
CPPFLAGS=''
CYGPATH_W='echo'
DEBUG_FALSE='#'
DEBUG_TRUE=''
DEFS='-DHAVE_CONFIG_H'
DEPDIR='.deps'
ECHO_C=''
ECHO_N='-n'
ECHO_T=''
EGREP='/bin/grep -E'
EXEEXT=''
GREP='/bin/grep'
HAVE_SSL='yes'
INSTALL_DATA='${INSTALL} -m 644'
INSTALL_PROGRAM='${INSTALL}'
INSTALL_SCRIPT='${INSTALL}'
INSTALL_STRIP_PROGRAM='$(install_sh) -c -s'
LDFLAGS=' -L/usr/local/ssl/lib'
LIBOBJS=''
LIBS=' -lssl -lcrypto -ldl'
LTLIBOBJS=''
MAKEINFO='${SHELL} /home/sadara/Desktop/libfnr/missing --run makeinfo'
MKDIR_P='/bin/mkdir -p'
OBJEXT='o'
PACKAGE='fnr'
PACKAGE_BUGREPORT='libfnr-dev@external.cisco.com'
PACKAGE_NAME='fnr'
PACKAGE_STRING='fnr 1.0.0'
PACKAGE_TARNAME='fnr'
PACKAGE_URL=''
PACKAGE_VERSION='1.0.0'
PATH_SEPARATOR=':'
RANLIB='ranlib'
SET_MAKE=''
SHELL='/bin/bash'
STRIP=''
VERSION='1.0.0'
ac_ct_CC='gcc'
am__EXEEXT_FALSE=''
am__EXEEXT_TRUE='#'
am__fastdepCC_FALSE='#'
am__fastdepCC_TRUE=''
am__include='include'
am__isrc=''
am__leading_dot='.'
am__nodep='_no'
am__quote=''
am__tar='$${TAR-tar} chof - "$$tardir"'
am__untar='$${TAR-tar} xf -'
bindir='${exec_prefix}/bin'
build_alias=''
datadir='${datarootdir}'
datarootdir='${prefix}/share'
docdir='${datarootdir}/doc/${PACKAGE_TARNAME}'
dvidir='${docdir}'
exec_prefix='${prefix}'
host_alias=''
htmldir='${docdir}'
includedir='${prefix}/include'
infodir='${datarootdir}/info'
install_sh='${SHELL} /home/sadara/Desktop/libfnr/install-sh'
libdir='${exec_prefix}/lib'
libexecdir='${exec_prefix}/libexec'
localedir='${datarootdir}/locale'
localstatedir='${prefix}/var'
mandir='${datarootdir}/man'
mkdir_p='/bin/mkdir -p'
oldincludedir='/usr/include'
pdfdir='${docdir}'
prefix='/usr/local'
program_transform_name='s,x,x,'
psdir='${docdir}'
sbindir='${exec_prefix}/sbin'
sharedstatedir='${prefix}/com'
sysconfdir='${prefix}/etc'
target_alias=''

## ----------- ##
## confdefs.h. ##
## ----------- ##

/* confdefs.h */
#define PACKAGE_NAME "fnr"
#define PACKAGE_TARNAME "fnr"
#define PACKAGE_VERSION "1.0.0"
#define PACKAGE_STRING "fnr 1.0.0"
#define PACKAGE_BUGREPORT "libfnr-dev@external.cisco.com"
#define PACKAGE_URL ""
#define PACKAGE "fnr"
#define VERSION "1.0.0"
#define STDC_HEADERS 1
#define HAVE_SYS_TYPES_H 1
#define HAVE_SYS_STAT_H 1
#define HAVE_STDLIB_H 1
#define HAVE_STRING_H 1
#define HAVE_MEMORY_H 1
#define HAVE_STRINGS_H 1
#define HAVE_INTTYPES_H 1
#define HAVE_STDINT_H 1
#define HAVE_UNISTD_H 1
#define HAVE_STRING_H 1
#define HAVE_STDLIB_H 1
#define HAVE_MALLOC 1
#define HAVE_MEMSET 1

configure: exit 0
